Connecting to database specified by database.yml
Connecting to database specified by database.yml
Connecting to database specified by database.yml
Connecting to database specified by database.yml
Connecting to database specified by database.yml


Started GET "/" for 127.0.0.1 at 2013-07-19 15:20:41 +0100

ActionController::RoutingError (No route matches [GET] "/"):
  actionpack (3.2.13) lib/action_dispatch/middleware/debug_exceptions.rb:21:in `call'
  actionpack (3.2.13) lib/action_dispatch/middleware/show_exceptions.rb:56:in `call'
  railties (3.2.13) lib/rails/rack/logger.rb:32:in `call_app'
  railties (3.2.13) lib/rails/rack/logger.rb:16:in `block in call'
  activesupport (3.2.13) lib/active_support/tagged_logging.rb:22:in `tagged'
  railties (3.2.13) lib/rails/rack/logger.rb:16:in `call'
  actionpack (3.2.13) lib/action_dispatch/middleware/request_id.rb:22:in `call'
  rack (1.4.5) lib/rack/methodoverride.rb:21:in `call'
  rack (1.4.5) lib/rack/runtime.rb:17:in `call'
  activesupport (3.2.13) lib/active_support/cache/strategy/local_cache.rb:72:in `call'
  rack (1.4.5) lib/rack/lock.rb:15:in `call'
  actionpack (3.2.13) lib/action_dispatch/middleware/static.rb:63:in `call'
  railties (3.2.13) lib/rails/engine.rb:479:in `call'
  railties (3.2.13) lib/rails/application.rb:223:in `call'
  rack (1.4.5) lib/rack/content_length.rb:14:in `call'
  railties (3.2.13) lib/rails/rack/log_tailer.rb:17:in `call'
  rack (1.4.5) lib/rack/handler/webrick.rb:59:in `service'
  C:/RailsInstaller/Ruby1.9.3/lib/ruby/1.9.1/webrick/httpserver.rb:138:in `service'
  C:/RailsInstaller/Ruby1.9.3/lib/ruby/1.9.1/webrick/httpserver.rb:94:in `run'
  C:/RailsInstaller/Ruby1.9.3/lib/ruby/1.9.1/webrick/server.rb:191:in `block in start_thread'


  Rendered C:/RailsInstaller/Ruby1.9.3/lib/ruby/gems/1.9.1/gems/actionpack-3.2.13/lib/action_dispatch/middleware/templates/rescues/routing_error.erb within rescues/layout (6.0ms)


Started GET "/food" for 127.0.0.1 at 2013-07-19 15:20:58 +0100

ActionController::RoutingError (No route matches [GET] "/food"):
  actionpack (3.2.13) lib/action_dispatch/middleware/debug_exceptions.rb:21:in `call'
  actionpack (3.2.13) lib/action_dispatch/middleware/show_exceptions.rb:56:in `call'
  railties (3.2.13) lib/rails/rack/logger.rb:32:in `call_app'
  railties (3.2.13) lib/rails/rack/logger.rb:16:in `block in call'
  activesupport (3.2.13) lib/active_support/tagged_logging.rb:22:in `tagged'
  railties (3.2.13) lib/rails/rack/logger.rb:16:in `call'
  actionpack (3.2.13) lib/action_dispatch/middleware/request_id.rb:22:in `call'
  rack (1.4.5) lib/rack/methodoverride.rb:21:in `call'
  rack (1.4.5) lib/rack/runtime.rb:17:in `call'
  activesupport (3.2.13) lib/active_support/cache/strategy/local_cache.rb:72:in `call'
  rack (1.4.5) lib/rack/lock.rb:15:in `call'
  actionpack (3.2.13) lib/action_dispatch/middleware/static.rb:63:in `call'
  railties (3.2.13) lib/rails/engine.rb:479:in `call'
  railties (3.2.13) lib/rails/application.rb:223:in `call'
  rack (1.4.5) lib/rack/content_length.rb:14:in `call'
  railties (3.2.13) lib/rails/rack/log_tailer.rb:17:in `call'
  rack (1.4.5) lib/rack/handler/webrick.rb:59:in `service'
  C:/RailsInstaller/Ruby1.9.3/lib/ruby/1.9.1/webrick/httpserver.rb:138:in `service'
  C:/RailsInstaller/Ruby1.9.3/lib/ruby/1.9.1/webrick/httpserver.rb:94:in `run'
  C:/RailsInstaller/Ruby1.9.3/lib/ruby/1.9.1/webrick/server.rb:191:in `block in start_thread'


  Rendered C:/RailsInstaller/Ruby1.9.3/lib/ruby/gems/1.9.1/gems/actionpack-3.2.13/lib/action_dispatch/middleware/templates/rescues/routing_error.erb within rescues/layout (1.0ms)


Started GET "/category" for 127.0.0.1 at 2013-07-19 15:21:11 +0100

ActionController::RoutingError (No route matches [GET] "/category"):
  actionpack (3.2.13) lib/action_dispatch/middleware/debug_exceptions.rb:21:in `call'
  actionpack (3.2.13) lib/action_dispatch/middleware/show_exceptions.rb:56:in `call'
  railties (3.2.13) lib/rails/rack/logger.rb:32:in `call_app'
  railties (3.2.13) lib/rails/rack/logger.rb:16:in `block in call'
  activesupport (3.2.13) lib/active_support/tagged_logging.rb:22:in `tagged'
  railties (3.2.13) lib/rails/rack/logger.rb:16:in `call'
  actionpack (3.2.13) lib/action_dispatch/middleware/request_id.rb:22:in `call'
  rack (1.4.5) lib/rack/methodoverride.rb:21:in `call'
  rack (1.4.5) lib/rack/runtime.rb:17:in `call'
  activesupport (3.2.13) lib/active_support/cache/strategy/local_cache.rb:72:in `call'
  rack (1.4.5) lib/rack/lock.rb:15:in `call'
  actionpack (3.2.13) lib/action_dispatch/middleware/static.rb:63:in `call'
  railties (3.2.13) lib/rails/engine.rb:479:in `call'
  railties (3.2.13) lib/rails/application.rb:223:in `call'
  rack (1.4.5) lib/rack/content_length.rb:14:in `call'
  railties (3.2.13) lib/rails/rack/log_tailer.rb:17:in `call'
  rack (1.4.5) lib/rack/handler/webrick.rb:59:in `service'
  C:/RailsInstaller/Ruby1.9.3/lib/ruby/1.9.1/webrick/httpserver.rb:138:in `service'
  C:/RailsInstaller/Ruby1.9.3/lib/ruby/1.9.1/webrick/httpserver.rb:94:in `run'
  C:/RailsInstaller/Ruby1.9.3/lib/ruby/1.9.1/webrick/server.rb:191:in `block in start_thread'


  Rendered C:/RailsInstaller/Ruby1.9.3/lib/ruby/gems/1.9.1/gems/actionpack-3.2.13/lib/action_dispatch/middleware/templates/rescues/routing_error.erb within rescues/layout (0.0ms)
Connecting to database specified by database.yml
  [1m[36m (0.0ms)[0m  [1mselect sqlite_version(*)[0m
  [1m[35m (75.0ms)[0m  CREATE TABLE "schema_migrations" ("version" varchar(255) NOT NULL) 
  [1m[36m (61.0ms)[0m  [1mCREATE UNIQUE INDEX "unique_schema_migrations" ON "schema_migrations" ("version")[0m
  [1m[35m (0.0ms)[0m  SELECT "schema_migrations"."version" FROM "schema_migrations" 
Migrating to CreateCategories (20130719140219)
  [1m[36m (0.0ms)[0m  [1mbegin transaction[0m
  [1m[35m (1.0ms)[0m  CREATE TABLE "categories" ("id" INTEGER PRIMARY KEY AUTOINCREMENT NOT NULL, "name" varchar(255), "created_at" datetime NOT NULL, "updated_at" datetime NOT NULL) 
  [1m[36m (0.0ms)[0m  [1mINSERT INTO "schema_migrations" ("version") VALUES ('20130719140219')[0m
  [1m[35m (85.0ms)[0m  commit transaction
Migrating to CreateFoods (20130719140342)
  [1m[36m (0.0ms)[0m  [1mbegin transaction[0m
  [1m[35m (0.0ms)[0m  CREATE TABLE "foods" ("id" INTEGER PRIMARY KEY AUTOINCREMENT NOT NULL, "name" varchar(255), "gi" varchar(255), "category_id" integer, "created_at" datetime NOT NULL, "updated_at" datetime NOT NULL) 
  [1m[36m (0.0ms)[0m  [1mINSERT INTO "schema_migrations" ("version") VALUES ('20130719140342')[0m
  [1m[35m (68.0ms)[0m  commit transaction
  [1m[36m (0.0ms)[0m  [1mSELECT "schema_migrations"."version" FROM "schema_migrations" [0m


Started GET "/category" for 127.0.0.1 at 2013-07-19 15:22:09 +0100

ActionController::RoutingError (No route matches [GET] "/category"):
  actionpack (3.2.13) lib/action_dispatch/middleware/debug_exceptions.rb:21:in `call'
  actionpack (3.2.13) lib/action_dispatch/middleware/show_exceptions.rb:56:in `call'
  railties (3.2.13) lib/rails/rack/logger.rb:32:in `call_app'
  railties (3.2.13) lib/rails/rack/logger.rb:16:in `block in call'
  activesupport (3.2.13) lib/active_support/tagged_logging.rb:22:in `tagged'
  railties (3.2.13) lib/rails/rack/logger.rb:16:in `call'
  actionpack (3.2.13) lib/action_dispatch/middleware/request_id.rb:22:in `call'
  rack (1.4.5) lib/rack/methodoverride.rb:21:in `call'
  rack (1.4.5) lib/rack/runtime.rb:17:in `call'
  activesupport (3.2.13) lib/active_support/cache/strategy/local_cache.rb:72:in `call'
  rack (1.4.5) lib/rack/lock.rb:15:in `call'
  actionpack (3.2.13) lib/action_dispatch/middleware/static.rb:63:in `call'
  railties (3.2.13) lib/rails/engine.rb:479:in `call'
  railties (3.2.13) lib/rails/application.rb:223:in `call'
  rack (1.4.5) lib/rack/content_length.rb:14:in `call'
  railties (3.2.13) lib/rails/rack/log_tailer.rb:17:in `call'
  rack (1.4.5) lib/rack/handler/webrick.rb:59:in `service'
  C:/RailsInstaller/Ruby1.9.3/lib/ruby/1.9.1/webrick/httpserver.rb:138:in `service'
  C:/RailsInstaller/Ruby1.9.3/lib/ruby/1.9.1/webrick/httpserver.rb:94:in `run'
  C:/RailsInstaller/Ruby1.9.3/lib/ruby/1.9.1/webrick/server.rb:191:in `block in start_thread'


  Rendered C:/RailsInstaller/Ruby1.9.3/lib/ruby/gems/1.9.1/gems/actionpack-3.2.13/lib/action_dispatch/middleware/templates/rescues/routing_error.erb within rescues/layout (0.0ms)


Started GET "/" for 127.0.0.1 at 2013-07-19 15:22:15 +0100

ActionController::RoutingError (No route matches [GET] "/"):
  actionpack (3.2.13) lib/action_dispatch/middleware/debug_exceptions.rb:21:in `call'
  actionpack (3.2.13) lib/action_dispatch/middleware/show_exceptions.rb:56:in `call'
  railties (3.2.13) lib/rails/rack/logger.rb:32:in `call_app'
  railties (3.2.13) lib/rails/rack/logger.rb:16:in `block in call'
  activesupport (3.2.13) lib/active_support/tagged_logging.rb:22:in `tagged'
  railties (3.2.13) lib/rails/rack/logger.rb:16:in `call'
  actionpack (3.2.13) lib/action_dispatch/middleware/request_id.rb:22:in `call'
  rack (1.4.5) lib/rack/methodoverride.rb:21:in `call'
  rack (1.4.5) lib/rack/runtime.rb:17:in `call'
  activesupport (3.2.13) lib/active_support/cache/strategy/local_cache.rb:72:in `call'
  rack (1.4.5) lib/rack/lock.rb:15:in `call'
  actionpack (3.2.13) lib/action_dispatch/middleware/static.rb:63:in `call'
  railties (3.2.13) lib/rails/engine.rb:479:in `call'
  railties (3.2.13) lib/rails/application.rb:223:in `call'
  rack (1.4.5) lib/rack/content_length.rb:14:in `call'
  railties (3.2.13) lib/rails/rack/log_tailer.rb:17:in `call'
  rack (1.4.5) lib/rack/handler/webrick.rb:59:in `service'
  C:/RailsInstaller/Ruby1.9.3/lib/ruby/1.9.1/webrick/httpserver.rb:138:in `service'
  C:/RailsInstaller/Ruby1.9.3/lib/ruby/1.9.1/webrick/httpserver.rb:94:in `run'
  C:/RailsInstaller/Ruby1.9.3/lib/ruby/1.9.1/webrick/server.rb:191:in `block in start_thread'


  Rendered C:/RailsInstaller/Ruby1.9.3/lib/ruby/gems/1.9.1/gems/actionpack-3.2.13/lib/action_dispatch/middleware/templates/rescues/routing_error.erb within rescues/layout (0.0ms)
Connecting to database specified by database.yml


Started GET "/foods" for 127.0.0.1 at 2013-07-19 15:23:01 +0100
Processing by FoodsController#index as HTML
  [1m[36mFood Load (0.0ms)[0m  [1mSELECT "foods".* FROM "foods" [0m
  Rendered foods/index.html.erb within layouts/application (1.0ms)
Completed 200 OK in 187ms (Views: 135.0ms | ActiveRecord: 6.0ms)


Started GET "/assets/scaffolds.css?body=1" for 127.0.0.1 at 2013-07-19 15:23:01 +0100
Served asset /scaffolds.css - 304 Not Modified (4ms)


Started GET "/assets/categories.css?body=1" for 127.0.0.1 at 2013-07-19 15:23:01 +0100
Served asset /categories.css - 304 Not Modified (3ms)


Started GET "/assets/jquery.js?body=1" for 127.0.0.1 at 2013-07-19 15:23:01 +0100
Served asset /jquery.js - 304 Not Modified (5ms)


Started GET "/assets/application.css?body=1" for 127.0.0.1 at 2013-07-19 15:23:01 +0100
Served asset /application.css - 304 Not Modified (9ms)


Started GET "/assets/foods.css?body=1" for 127.0.0.1 at 2013-07-19 15:23:01 +0100
Served asset /foods.css - 304 Not Modified (3ms)


Started GET "/assets/jquery_ujs.js?body=1" for 127.0.0.1 at 2013-07-19 15:23:01 +0100
Served asset /jquery_ujs.js - 304 Not Modified (3ms)


Started GET "/assets/categories.js?body=1" for 127.0.0.1 at 2013-07-19 15:23:01 +0100
Served asset /categories.js - 304 Not Modified (3ms)


Started GET "/assets/foods.js?body=1" for 127.0.0.1 at 2013-07-19 15:23:01 +0100
Served asset /foods.js - 304 Not Modified (1ms)


Started GET "/assets/application.js?body=1" for 127.0.0.1 at 2013-07-19 15:23:01 +0100
Served asset /application.js - 304 Not Modified (10ms)


Started GET "/categories" for 127.0.0.1 at 2013-07-19 15:23:10 +0100
Processing by CategoriesController#index as HTML
  [1m[35mCategory Load (0.0ms)[0m  SELECT "categories".* FROM "categories" 
  Rendered categories/index.html.erb within layouts/application (1.0ms)
Completed 200 OK in 17ms (Views: 15.0ms | ActiveRecord: 1.0ms)


Started GET "/assets/application.css?body=1" for 127.0.0.1 at 2013-07-19 15:23:10 +0100
Served asset /application.css - 304 Not Modified (8ms)


Started GET "/assets/categories.css?body=1" for 127.0.0.1 at 2013-07-19 15:23:10 +0100
Served asset /categories.css - 304 Not Modified (0ms)


Started GET "/assets/jquery.js?body=1" for 127.0.0.1 at 2013-07-19 15:23:10 +0100
Served asset /jquery.js - 304 Not Modified (0ms)


Started GET "/assets/foods.css?body=1" for 127.0.0.1 at 2013-07-19 15:23:10 +0100
Served asset /foods.css - 304 Not Modified (0ms)


Started GET "/assets/scaffolds.css?body=1" for 127.0.0.1 at 2013-07-19 15:23:10 +0100
Served asset /scaffolds.css - 304 Not Modified (0ms)


Started GET "/assets/categories.js?body=1" for 127.0.0.1 at 2013-07-19 15:23:10 +0100
Served asset /categories.js - 304 Not Modified (0ms)


Started GET "/assets/jquery_ujs.js?body=1" for 127.0.0.1 at 2013-07-19 15:23:10 +0100
Served asset /jquery_ujs.js - 304 Not Modified (1ms)


Started GET "/assets/foods.js?body=1" for 127.0.0.1 at 2013-07-19 15:23:10 +0100
Served asset /foods.js - 304 Not Modified (1ms)


Started GET "/assets/application.js?body=1" for 127.0.0.1 at 2013-07-19 15:23:10 +0100
Served asset /application.js - 304 Not Modified (2ms)


Started GET "/" for 127.0.0.1 at 2013-07-19 16:57:43 +0100
Processing by CategoriesController#listallfoods as HTML
  [1m[36mCategory Load (1.0ms)[0m  [1mSELECT "categories".* FROM "categories" [0m
  Rendered categories/listallfoods.html.erb within layouts/application (1.0ms)
Completed 500 Internal Server Error in 37ms

ActionView::Template::Error (undefined local variable or method `catagories_path' for #<#<Class:0x5d17370>:0x5d157b0>):
    26:       <li> <%= link_to 'Add Category', new_category_path, "data-icon"=>"plus", "data-theme"=>"b" %></li>
    27: 
    28: 
    29:       <li><%= link_to 'List Category', catagories_path, "data-ajax" =>"false", "data-icon"=>"refresh", "data-theme"=>"b" %> </li>
    30: 
    31:       <li><%= link_to 'List All', listallfoods_path, "data-ajax" =>"false", "data-icon"=>"refresh" , "data-theme"=>"b"%> </li>
    32: 
  app/views/layouts/application.html.erb:29:in `_app_views_layouts_application_html_erb___987243694_48814620'
  app/controllers/categories_controller.rb:18:in `listallfoods'


  Rendered C:/RailsInstaller/Ruby1.9.3/lib/ruby/gems/1.9.1/gems/actionpack-3.2.13/lib/action_dispatch/middleware/templates/rescues/_trace.erb (2.0ms)
  Rendered C:/RailsInstaller/Ruby1.9.3/lib/ruby/gems/1.9.1/gems/actionpack-3.2.13/lib/action_dispatch/middleware/templates/rescues/_request_and_response.erb (2.0ms)
  Rendered C:/RailsInstaller/Ruby1.9.3/lib/ruby/gems/1.9.1/gems/actionpack-3.2.13/lib/action_dispatch/middleware/templates/rescues/template_error.erb within rescues/layout (43.0ms)
Connecting to database specified by database.yml


Started GET "/" for 127.0.0.1 at 2013-07-19 17:00:43 +0100
Processing by CategoriesController#listallfoods as HTML
  [1m[36mCategory Load (0.0ms)[0m  [1mSELECT "categories".* FROM "categories" [0m
  Rendered categories/listallfoods.html.erb within layouts/application (8.0ms)
Completed 500 Internal Server Error in 209ms

ActionView::Template::Error (undefined local variable or method `catagories_path' for #<#<Class:0x568fc20>:0x568def8>):
    26:       <li> <%= link_to 'Add Category', new_category_path, "data-icon"=>"plus", "data-theme"=>"b" %></li>
    27: 
    28: 
    29:       <li><%= link_to 'List Category', catagories_path, "data-ajax" =>"false", "data-icon"=>"refresh", "data-theme"=>"b" %> </li>
    30: 
    31:       <li><%= link_to 'List All', listallfoods_path, "data-ajax" =>"false", "data-icon"=>"refresh" , "data-theme"=>"b"%> </li>
    32: 
  app/views/layouts/application.html.erb:29:in `_app_views_layouts_application_html_erb__930140623_20998020'
  app/controllers/categories_controller.rb:18:in `listallfoods'


  Rendered C:/RailsInstaller/Ruby1.9.3/lib/ruby/gems/1.9.1/gems/actionpack-3.2.13/lib/action_dispatch/middleware/templates/rescues/_trace.erb (2.0ms)
  Rendered C:/RailsInstaller/Ruby1.9.3/lib/ruby/gems/1.9.1/gems/actionpack-3.2.13/lib/action_dispatch/middleware/templates/rescues/_request_and_response.erb (1.0ms)
  Rendered C:/RailsInstaller/Ruby1.9.3/lib/ruby/gems/1.9.1/gems/actionpack-3.2.13/lib/action_dispatch/middleware/templates/rescues/template_error.erb within rescues/layout (23.0ms)


Started GET "/" for 127.0.0.1 at 2013-07-19 17:02:15 +0100
Processing by CategoriesController#listallfoods as HTML
  [1m[35mCategory Load (0.0ms)[0m  SELECT "categories".* FROM "categories" 
  Rendered categories/listallfoods.html.erb within layouts/application (0.0ms)
Completed 200 OK in 14ms (Views: 13.0ms | ActiveRecord: 0.0ms)


Started GET "/assets/application.css?body=1" for 127.0.0.1 at 2013-07-19 17:02:15 +0100
Served asset /application.css - 304 Not Modified (15ms)


Started GET "/assets/jquery.js?body=1" for 127.0.0.1 at 2013-07-19 17:02:15 +0100
Served asset /jquery.js - 304 Not Modified (3ms)


Started GET "/assets/categories.css?body=1" for 127.0.0.1 at 2013-07-19 17:02:15 +0100
Served asset /categories.css - 304 Not Modified (20ms)


Started GET "/assets/scaffolds.css?body=1" for 127.0.0.1 at 2013-07-19 17:02:15 +0100
Served asset /scaffolds.css - 304 Not Modified (4ms)


Started GET "/assets/foods.css?body=1" for 127.0.0.1 at 2013-07-19 17:02:15 +0100
Served asset /foods.css - 304 Not Modified (3ms)


Started GET "/assets/jquery_ujs.js?body=1" for 127.0.0.1 at 2013-07-19 17:02:15 +0100
Served asset /jquery_ujs.js - 304 Not Modified (3ms)


Started GET "/assets/categories.js?body=1" for 127.0.0.1 at 2013-07-19 17:02:15 +0100
Served asset /categories.js - 304 Not Modified (3ms)


Started GET "/assets/foods.js?body=1" for 127.0.0.1 at 2013-07-19 17:02:15 +0100
Served asset /foods.js - 304 Not Modified (1ms)


Started GET "/assets/application.js?body=1" for 127.0.0.1 at 2013-07-19 17:02:15 +0100
Served asset /application.js - 304 Not Modified (26ms)


Started GET "/assets/DigiserveLogo5.png" for 127.0.0.1 at 2013-07-19 17:02:16 +0100
Served asset /DigiserveLogo5.png - 304 Not Modified (2ms)


Started GET "/categories/new" for 127.0.0.1 at 2013-07-19 17:02:20 +0100
Processing by CategoriesController#new as HTML
  Rendered categories/_form.html.erb (14.0ms)
  Rendered categories/new.html.erb within layouts/application (25.0ms)
Completed 200 OK in 66ms (Views: 61.0ms | ActiveRecord: 0.0ms)


Started GET "/assets/DigiserveLogo5.png" for 127.0.0.1 at 2013-07-19 17:02:20 +0100
Served asset /DigiserveLogo5.png - 304 Not Modified (0ms)


Started GET "/categories" for 127.0.0.1 at 2013-07-19 17:02:30 +0100
Processing by CategoriesController#index as HTML
  [1m[36mCategory Load (0.0ms)[0m  [1mSELECT "categories".* FROM "categories" [0m
  Rendered categories/index.html.erb within layouts/application (2.0ms)
Completed 500 Internal Server Error in 6ms

ActionView::Template::Error (undefined method `each' for nil:NilClass):
    14:   <ul data-role="listview" data-filter="true" data-inset="true" data-theme="e">
    15: 
    16: 
    17: <% @catagories.each do |cat| %>
    18: 
    19: 
    20:     <li>
  app/views/categories/index.html.erb:17:in `_app_views_categories_index_html_erb__239565734_31809984'
  app/controllers/categories_controller.rb:7:in `index'


  Rendered C:/RailsInstaller/Ruby1.9.3/lib/ruby/gems/1.9.1/gems/actionpack-3.2.13/lib/action_dispatch/middleware/templates/rescues/_trace.erb (1.0ms)
  Rendered C:/RailsInstaller/Ruby1.9.3/lib/ruby/gems/1.9.1/gems/actionpack-3.2.13/lib/action_dispatch/middleware/templates/rescues/_request_and_response.erb (1.0ms)
  Rendered C:/RailsInstaller/Ruby1.9.3/lib/ruby/gems/1.9.1/gems/actionpack-3.2.13/lib/action_dispatch/middleware/templates/rescues/template_error.erb within rescues/layout (20.0ms)


Started GET "/categories" for 127.0.0.1 at 2013-07-19 17:03:14 +0100
Processing by CategoriesController#index as HTML
  [1m[35mCategory Load (0.0ms)[0m  SELECT "categories".* FROM "categories" 
  Rendered categories/index.html.erb within layouts/application (1.0ms)
Completed 200 OK in 33ms (Views: 31.0ms | ActiveRecord: 0.0ms)


Started GET "/assets/foods.css?body=1" for 127.0.0.1 at 2013-07-19 17:03:14 +0100
Served asset /foods.css - 304 Not Modified (6ms)


Started GET "/assets/application.css?body=1" for 127.0.0.1 at 2013-07-19 17:03:14 +0100
Served asset /application.css - 304 Not Modified (3ms)


Started GET "/assets/scaffolds.css?body=1" for 127.0.0.1 at 2013-07-19 17:03:14 +0100
Served asset /scaffolds.css - 304 Not Modified (0ms)


Started GET "/assets/categories.css?body=1" for 127.0.0.1 at 2013-07-19 17:03:14 +0100
Served asset /categories.css - 304 Not Modified (0ms)


Started GET "/assets/jquery.js?body=1" for 127.0.0.1 at 2013-07-19 17:03:14 +0100
Served asset /jquery.js - 304 Not Modified (0ms)


Started GET "/assets/jquery_ujs.js?body=1" for 127.0.0.1 at 2013-07-19 17:03:14 +0100
Served asset /jquery_ujs.js - 304 Not Modified (0ms)


Started GET "/assets/categories.js?body=1" for 127.0.0.1 at 2013-07-19 17:03:14 +0100
Served asset /categories.js - 304 Not Modified (2ms)


Started GET "/assets/foods.js?body=1" for 127.0.0.1 at 2013-07-19 17:03:14 +0100
Served asset /foods.js - 304 Not Modified (0ms)


Started GET "/assets/application.js?body=1" for 127.0.0.1 at 2013-07-19 17:03:14 +0100
Served asset /application.js - 304 Not Modified (2ms)


Started GET "/assets/DigiserveLogo5.png" for 127.0.0.1 at 2013-07-19 17:03:15 +0100
Served asset /DigiserveLogo5.png - 304 Not Modified (0ms)


Started GET "/listallfoods" for 127.0.0.1 at 2013-07-19 17:03:18 +0100

ActionController::RoutingError (uninitialized constant TodosController):
  activesupport (3.2.13) lib/active_support/inflector/methods.rb:230:in `block in constantize'
  activesupport (3.2.13) lib/active_support/inflector/methods.rb:229:in `each'
  activesupport (3.2.13) lib/active_support/inflector/methods.rb:229:in `constantize'
  actionpack (3.2.13) lib/action_dispatch/routing/route_set.rb:69:in `controller_reference'
  actionpack (3.2.13) lib/action_dispatch/routing/route_set.rb:54:in `controller'
  actionpack (3.2.13) lib/action_dispatch/routing/route_set.rb:32:in `call'
  journey (1.0.4) lib/journey/router.rb:68:in `block in call'
  journey (1.0.4) lib/journey/router.rb:56:in `each'
  journey (1.0.4) lib/journey/router.rb:56:in `call'
  actionpack (3.2.13) lib/action_dispatch/routing/route_set.rb:612:in `call'
  actionpack (3.2.13) lib/action_dispatch/middleware/best_standards_support.rb:17:in `call'
  rack (1.4.5) lib/rack/etag.rb:23:in `call'
  rack (1.4.5) lib/rack/conditionalget.rb:25:in `call'
  actionpack (3.2.13) lib/action_dispatch/middleware/head.rb:14:in `call'
  actionpack (3.2.13) lib/action_dispatch/middleware/params_parser.rb:21:in `call'
  actionpack (3.2.13) lib/action_dispatch/middleware/flash.rb:242:in `call'
  rack (1.4.5) lib/rack/session/abstract/id.rb:210:in `context'
  rack (1.4.5) lib/rack/session/abstract/id.rb:205:in `call'
  actionpack (3.2.13) lib/action_dispatch/middleware/cookies.rb:341:in `call'
  activerecord (3.2.13) lib/active_record/query_cache.rb:64:in `call'
  activerecord (3.2.13) lib/active_record/connection_adapters/abstract/connection_pool.rb:479:in `call'
  actionpack (3.2.13) lib/action_dispatch/middleware/callbacks.rb:28:in `block in call'
  activesupport (3.2.13) lib/active_support/callbacks.rb:405:in `_run__378314776__call__808890155__callbacks'
  activesupport (3.2.13) lib/active_support/callbacks.rb:405:in `__run_callback'
  activesupport (3.2.13) lib/active_support/callbacks.rb:385:in `_run_call_callbacks'
  activesupport (3.2.13) lib/active_support/callbacks.rb:81:in `run_callbacks'
  actionpack (3.2.13) lib/action_dispatch/middleware/callbacks.rb:27:in `call'
  actionpack (3.2.13) lib/action_dispatch/middleware/reloader.rb:65:in `call'
  actionpack (3.2.13) lib/action_dispatch/middleware/remote_ip.rb:31:in `call'
  actionpack (3.2.13) lib/action_dispatch/middleware/debug_exceptions.rb:16:in `call'
  actionpack (3.2.13) lib/action_dispatch/middleware/show_exceptions.rb:56:in `call'
  railties (3.2.13) lib/rails/rack/logger.rb:32:in `call_app'
  railties (3.2.13) lib/rails/rack/logger.rb:16:in `block in call'
  activesupport (3.2.13) lib/active_support/tagged_logging.rb:22:in `tagged'
  railties (3.2.13) lib/rails/rack/logger.rb:16:in `call'
  actionpack (3.2.13) lib/action_dispatch/middleware/request_id.rb:22:in `call'
  rack (1.4.5) lib/rack/methodoverride.rb:21:in `call'
  rack (1.4.5) lib/rack/runtime.rb:17:in `call'
  activesupport (3.2.13) lib/active_support/cache/strategy/local_cache.rb:72:in `call'
  rack (1.4.5) lib/rack/lock.rb:15:in `call'
  actionpack (3.2.13) lib/action_dispatch/middleware/static.rb:63:in `call'
  railties (3.2.13) lib/rails/engine.rb:479:in `call'
  railties (3.2.13) lib/rails/application.rb:223:in `call'
  rack (1.4.5) lib/rack/content_length.rb:14:in `call'
  railties (3.2.13) lib/rails/rack/log_tailer.rb:17:in `call'
  rack (1.4.5) lib/rack/handler/webrick.rb:59:in `service'
  C:/RailsInstaller/Ruby1.9.3/lib/ruby/1.9.1/webrick/httpserver.rb:138:in `service'
  C:/RailsInstaller/Ruby1.9.3/lib/ruby/1.9.1/webrick/httpserver.rb:94:in `run'
  C:/RailsInstaller/Ruby1.9.3/lib/ruby/1.9.1/webrick/server.rb:191:in `block in start_thread'


  Rendered C:/RailsInstaller/Ruby1.9.3/lib/ruby/gems/1.9.1/gems/actionpack-3.2.13/lib/action_dispatch/middleware/templates/rescues/routing_error.erb within rescues/layout (1.0ms)


Started GET "/listallfoods" for 127.0.0.1 at 2013-07-19 17:05:29 +0100

ActionController::RoutingError (uninitialized constant TodosController):
  activesupport (3.2.13) lib/active_support/inflector/methods.rb:230:in `block in constantize'
  activesupport (3.2.13) lib/active_support/inflector/methods.rb:229:in `each'
  activesupport (3.2.13) lib/active_support/inflector/methods.rb:229:in `constantize'
  actionpack (3.2.13) lib/action_dispatch/routing/route_set.rb:69:in `controller_reference'
  actionpack (3.2.13) lib/action_dispatch/routing/route_set.rb:54:in `controller'
  actionpack (3.2.13) lib/action_dispatch/routing/route_set.rb:32:in `call'
  journey (1.0.4) lib/journey/router.rb:68:in `block in call'
  journey (1.0.4) lib/journey/router.rb:56:in `each'
  journey (1.0.4) lib/journey/router.rb:56:in `call'
  actionpack (3.2.13) lib/action_dispatch/routing/route_set.rb:612:in `call'
  actionpack (3.2.13) lib/action_dispatch/middleware/best_standards_support.rb:17:in `call'
  rack (1.4.5) lib/rack/etag.rb:23:in `call'
  rack (1.4.5) lib/rack/conditionalget.rb:25:in `call'
  actionpack (3.2.13) lib/action_dispatch/middleware/head.rb:14:in `call'
  actionpack (3.2.13) lib/action_dispatch/middleware/params_parser.rb:21:in `call'
  actionpack (3.2.13) lib/action_dispatch/middleware/flash.rb:242:in `call'
  rack (1.4.5) lib/rack/session/abstract/id.rb:210:in `context'
  rack (1.4.5) lib/rack/session/abstract/id.rb:205:in `call'
  actionpack (3.2.13) lib/action_dispatch/middleware/cookies.rb:341:in `call'
  activerecord (3.2.13) lib/active_record/query_cache.rb:64:in `call'
  activerecord (3.2.13) lib/active_record/connection_adapters/abstract/connection_pool.rb:479:in `call'
  actionpack (3.2.13) lib/action_dispatch/middleware/callbacks.rb:28:in `block in call'
  activesupport (3.2.13) lib/active_support/callbacks.rb:405:in `_run__378314776__call__808890155__callbacks'
  activesupport (3.2.13) lib/active_support/callbacks.rb:405:in `__run_callback'
  activesupport (3.2.13) lib/active_support/callbacks.rb:385:in `_run_call_callbacks'
  activesupport (3.2.13) lib/active_support/callbacks.rb:81:in `run_callbacks'
  actionpack (3.2.13) lib/action_dispatch/middleware/callbacks.rb:27:in `call'
  actionpack (3.2.13) lib/action_dispatch/middleware/reloader.rb:65:in `call'
  actionpack (3.2.13) lib/action_dispatch/middleware/remote_ip.rb:31:in `call'
  actionpack (3.2.13) lib/action_dispatch/middleware/debug_exceptions.rb:16:in `call'
  actionpack (3.2.13) lib/action_dispatch/middleware/show_exceptions.rb:56:in `call'
  railties (3.2.13) lib/rails/rack/logger.rb:32:in `call_app'
  railties (3.2.13) lib/rails/rack/logger.rb:16:in `block in call'
  activesupport (3.2.13) lib/active_support/tagged_logging.rb:22:in `tagged'
  railties (3.2.13) lib/rails/rack/logger.rb:16:in `call'
  actionpack (3.2.13) lib/action_dispatch/middleware/request_id.rb:22:in `call'
  rack (1.4.5) lib/rack/methodoverride.rb:21:in `call'
  rack (1.4.5) lib/rack/runtime.rb:17:in `call'
  activesupport (3.2.13) lib/active_support/cache/strategy/local_cache.rb:72:in `call'
  rack (1.4.5) lib/rack/lock.rb:15:in `call'
  actionpack (3.2.13) lib/action_dispatch/middleware/static.rb:63:in `call'
  railties (3.2.13) lib/rails/engine.rb:479:in `call'
  railties (3.2.13) lib/rails/application.rb:223:in `call'
  rack (1.4.5) lib/rack/content_length.rb:14:in `call'
  railties (3.2.13) lib/rails/rack/log_tailer.rb:17:in `call'
  rack (1.4.5) lib/rack/handler/webrick.rb:59:in `service'
  C:/RailsInstaller/Ruby1.9.3/lib/ruby/1.9.1/webrick/httpserver.rb:138:in `service'
  C:/RailsInstaller/Ruby1.9.3/lib/ruby/1.9.1/webrick/httpserver.rb:94:in `run'
  C:/RailsInstaller/Ruby1.9.3/lib/ruby/1.9.1/webrick/server.rb:191:in `block in start_thread'


  Rendered C:/RailsInstaller/Ruby1.9.3/lib/ruby/gems/1.9.1/gems/actionpack-3.2.13/lib/action_dispatch/middleware/templates/rescues/routing_error.erb within rescues/layout (0.0ms)


Started GET "/listallfoods" for 127.0.0.1 at 2013-07-19 17:06:16 +0100
Processing by CategoriesController#listallfoods as HTML
  [1m[36mCategory Load (0.0ms)[0m  [1mSELECT "categories".* FROM "categories" [0m
  Rendered categories/listallfoods.html.erb within layouts/application (0.0ms)
Completed 200 OK in 34ms (Views: 31.0ms | ActiveRecord: 1.0ms)


Started GET "/assets/scaffolds.css?body=1" for 127.0.0.1 at 2013-07-19 17:06:16 +0100
Served asset /scaffolds.css - 304 Not Modified (4ms)


Started GET "/assets/categories.css?body=1" for 127.0.0.1 at 2013-07-19 17:06:16 +0100
Served asset /categories.css - 304 Not Modified (0ms)


Started GET "/assets/foods.css?body=1" for 127.0.0.1 at 2013-07-19 17:06:16 +0100
Served asset /foods.css - 304 Not Modified (0ms)


Started GET "/assets/application.css?body=1" for 127.0.0.1 at 2013-07-19 17:06:16 +0100
Served asset /application.css - 304 Not Modified (2ms)


Started GET "/assets/jquery.js?body=1" for 127.0.0.1 at 2013-07-19 17:06:16 +0100
Served asset /jquery.js - 304 Not Modified (0ms)


Started GET "/assets/jquery_ujs.js?body=1" for 127.0.0.1 at 2013-07-19 17:06:16 +0100
Served asset /jquery_ujs.js - 304 Not Modified (0ms)


Started GET "/assets/foods.js?body=1" for 127.0.0.1 at 2013-07-19 17:06:16 +0100
Served asset /foods.js - 304 Not Modified (0ms)


Started GET "/assets/categories.js?body=1" for 127.0.0.1 at 2013-07-19 17:06:16 +0100
Served asset /categories.js - 304 Not Modified (1ms)


Started GET "/assets/application.js?body=1" for 127.0.0.1 at 2013-07-19 17:06:16 +0100
Served asset /application.js - 304 Not Modified (0ms)


Started GET "/assets/DigiserveLogo5.png" for 127.0.0.1 at 2013-07-19 17:06:16 +0100
Served asset /DigiserveLogo5.png - 304 Not Modified (0ms)


Started GET "/about" for 127.0.0.1 at 2013-07-19 17:06:19 +0100
Processing by CategoriesController#about as HTML
  Rendered categories/about.html.erb within layouts/application (0.0ms)
Completed 200 OK in 17ms (Views: 17.0ms | ActiveRecord: 0.0ms)


Started GET "/assets/DigiserveLogo5.png" for 127.0.0.1 at 2013-07-19 17:06:19 +0100
Served asset /DigiserveLogo5.png - 304 Not Modified (0ms)


Started GET "/listallfoods" for 127.0.0.1 at 2013-07-19 17:06:24 +0100
Processing by CategoriesController#listallfoods as HTML
  [1m[35mCategory Load (0.0ms)[0m  SELECT "categories".* FROM "categories" 
  Rendered categories/listallfoods.html.erb within layouts/application (0.0ms)
Completed 200 OK in 30ms (Views: 29.0ms | ActiveRecord: 0.0ms)


Started GET "/assets/application.css?body=1" for 127.0.0.1 at 2013-07-19 17:06:25 +0100
Served asset /application.css - 304 Not Modified (2ms)


Started GET "/assets/categories.css?body=1" for 127.0.0.1 at 2013-07-19 17:06:25 +0100
Served asset /categories.css - 304 Not Modified (0ms)


Started GET "/assets/scaffolds.css?body=1" for 127.0.0.1 at 2013-07-19 17:06:25 +0100
Served asset /scaffolds.css - 304 Not Modified (1ms)


Started GET "/assets/foods.css?body=1" for 127.0.0.1 at 2013-07-19 17:06:25 +0100
Served asset /foods.css - 304 Not Modified (0ms)


Started GET "/assets/jquery.js?body=1" for 127.0.0.1 at 2013-07-19 17:06:25 +0100
Served asset /jquery.js - 304 Not Modified (0ms)


Started GET "/assets/jquery_ujs.js?body=1" for 127.0.0.1 at 2013-07-19 17:06:25 +0100
Served asset /jquery_ujs.js - 304 Not Modified (0ms)


Started GET "/assets/categories.js?body=1" for 127.0.0.1 at 2013-07-19 17:06:25 +0100
Served asset /categories.js - 304 Not Modified (1ms)


Started GET "/assets/foods.js?body=1" for 127.0.0.1 at 2013-07-19 17:06:25 +0100
Served asset /foods.js - 304 Not Modified (0ms)


Started GET "/assets/application.js?body=1" for 127.0.0.1 at 2013-07-19 17:06:25 +0100
Served asset /application.js - 304 Not Modified (2ms)


Started GET "/assets/DigiserveLogo5.png" for 127.0.0.1 at 2013-07-19 17:06:25 +0100
Served asset /DigiserveLogo5.png - 304 Not Modified (0ms)


Started GET "/categories" for 127.0.0.1 at 2013-07-19 17:06:29 +0100
Processing by CategoriesController#index as HTML
  [1m[36mCategory Load (0.0ms)[0m  [1mSELECT "categories".* FROM "categories" [0m
  Rendered categories/index.html.erb within layouts/application (0.0ms)
Completed 200 OK in 14ms (Views: 12.0ms | ActiveRecord: 0.0ms)


Started GET "/assets/application.css?body=1" for 127.0.0.1 at 2013-07-19 17:06:29 +0100
Served asset /application.css - 304 Not Modified (5ms)


Started GET "/assets/categories.css?body=1" for 127.0.0.1 at 2013-07-19 17:06:29 +0100
Served asset /categories.css - 304 Not Modified (0ms)


Started GET "/assets/foods.css?body=1" for 127.0.0.1 at 2013-07-19 17:06:29 +0100
Served asset /foods.css - 304 Not Modified (0ms)


Started GET "/assets/scaffolds.css?body=1" for 127.0.0.1 at 2013-07-19 17:06:29 +0100
Served asset /scaffolds.css - 304 Not Modified (0ms)


Started GET "/assets/jquery.js?body=1" for 127.0.0.1 at 2013-07-19 17:06:29 +0100
Served asset /jquery.js - 304 Not Modified (0ms)


Started GET "/assets/jquery_ujs.js?body=1" for 127.0.0.1 at 2013-07-19 17:06:30 +0100
Served asset /jquery_ujs.js - 304 Not Modified (0ms)


Started GET "/assets/categories.js?body=1" for 127.0.0.1 at 2013-07-19 17:06:30 +0100
Served asset /categories.js - 304 Not Modified (2ms)


Started GET "/assets/foods.js?body=1" for 127.0.0.1 at 2013-07-19 17:06:30 +0100
Served asset /foods.js - 304 Not Modified (0ms)


Started GET "/assets/application.js?body=1" for 127.0.0.1 at 2013-07-19 17:06:30 +0100
Served asset /application.js - 304 Not Modified (0ms)


Started GET "/assets/DigiserveLogo5.png" for 127.0.0.1 at 2013-07-19 17:06:30 +0100
Served asset /DigiserveLogo5.png - 304 Not Modified (0ms)


Started GET "/categories/new" for 127.0.0.1 at 2013-07-19 17:06:33 +0100
Processing by CategoriesController#new as HTML
  Rendered categories/_form.html.erb (3.0ms)
  Rendered categories/new.html.erb within layouts/application (5.0ms)
Completed 200 OK in 25ms (Views: 20.0ms | ActiveRecord: 0.0ms)


Started GET "/assets/DigiserveLogo5.png" for 127.0.0.1 at 2013-07-19 17:06:33 +0100
Served asset /DigiserveLogo5.png - 304 Not Modified (0ms)


Started GET "/categories/new" for 127.0.0.1 at 2013-07-19 17:07:17 +0100
Processing by CategoriesController#new as HTML
  Rendered categories/_form.html.erb (2.0ms)
  Rendered categories/new.html.erb within layouts/application (4.0ms)
Completed 200 OK in 18ms (Views: 18.0ms | ActiveRecord: 0.0ms)


Started GET "/assets/categories.css?body=1" for 127.0.0.1 at 2013-07-19 17:07:17 +0100
Served asset /categories.css - 304 Not Modified (0ms)


Started GET "/assets/jquery.js?body=1" for 127.0.0.1 at 2013-07-19 17:07:17 +0100
Served asset /jquery.js - 304 Not Modified (0ms)


Started GET "/assets/scaffolds.css?body=1" for 127.0.0.1 at 2013-07-19 17:07:17 +0100
Served asset /scaffolds.css - 304 Not Modified (0ms)


Started GET "/assets/application.css?body=1" for 127.0.0.1 at 2013-07-19 17:07:17 +0100
Served asset /application.css - 304 Not Modified (3ms)


Started GET "/assets/foods.css?body=1" for 127.0.0.1 at 2013-07-19 17:07:17 +0100
Served asset /foods.css - 304 Not Modified (0ms)


Started GET "/assets/jquery_ujs.js?body=1" for 127.0.0.1 at 2013-07-19 17:07:17 +0100
Served asset /jquery_ujs.js - 304 Not Modified (0ms)


Started GET "/assets/categories.js?body=1" for 127.0.0.1 at 2013-07-19 17:07:17 +0100
Served asset /categories.js - 304 Not Modified (0ms)


Started GET "/assets/foods.js?body=1" for 127.0.0.1 at 2013-07-19 17:07:17 +0100
Served asset /foods.js - 304 Not Modified (1ms)


Started GET "/assets/application.js?body=1" for 127.0.0.1 at 2013-07-19 17:07:17 +0100
Served asset /application.js - 304 Not Modified (2ms)


Started GET "/assets/DigiserveLogo5.png" for 127.0.0.1 at 2013-07-19 17:07:18 +0100
Served asset /DigiserveLogo5.png - 304 Not Modified (0ms)


Started GET "/categories" for 127.0.0.1 at 2013-07-19 17:07:22 +0100
Processing by CategoriesController#index as HTML
  [1m[35mCategory Load (0.0ms)[0m  SELECT "categories".* FROM "categories" 
  Rendered categories/index.html.erb within layouts/application (0.0ms)
Completed 200 OK in 13ms (Views: 13.0ms | ActiveRecord: 0.0ms)


Started GET "/assets/DigiserveLogo5.png" for 127.0.0.1 at 2013-07-19 17:07:22 +0100
Served asset /DigiserveLogo5.png - 304 Not Modified (0ms)


Started GET "/categories" for 127.0.0.1 at 2013-07-19 17:07:25 +0100
Processing by CategoriesController#index as HTML
  [1m[36mCategory Load (0.0ms)[0m  [1mSELECT "categories".* FROM "categories" [0m
  Rendered categories/index.html.erb within layouts/application (1.0ms)
Completed 200 OK in 37ms (Views: 36.0ms | ActiveRecord: 0.0ms)


Started GET "/assets/foods.css?body=1" for 127.0.0.1 at 2013-07-19 17:07:25 +0100
Served asset /foods.css - 304 Not Modified (8ms)


Started GET "/assets/application.css?body=1" for 127.0.0.1 at 2013-07-19 17:07:25 +0100
Served asset /application.css - 304 Not Modified (2ms)


Started GET "/assets/categories.css?body=1" for 127.0.0.1 at 2013-07-19 17:07:25 +0100
Served asset /categories.css - 304 Not Modified (0ms)


Started GET "/assets/scaffolds.css?body=1" for 127.0.0.1 at 2013-07-19 17:07:25 +0100
Served asset /scaffolds.css - 304 Not Modified (1ms)


Started GET "/assets/jquery.js?body=1" for 127.0.0.1 at 2013-07-19 17:07:25 +0100
Served asset /jquery.js - 304 Not Modified (0ms)


Started GET "/assets/jquery_ujs.js?body=1" for 127.0.0.1 at 2013-07-19 17:07:26 +0100
Served asset /jquery_ujs.js - 304 Not Modified (0ms)


Started GET "/assets/categories.js?body=1" for 127.0.0.1 at 2013-07-19 17:07:26 +0100
Served asset /categories.js - 304 Not Modified (20ms)


Started GET "/assets/foods.js?body=1" for 127.0.0.1 at 2013-07-19 17:07:26 +0100
Served asset /foods.js - 304 Not Modified (0ms)


Started GET "/assets/application.js?body=1" for 127.0.0.1 at 2013-07-19 17:07:26 +0100
Served asset /application.js - 304 Not Modified (1ms)


Started GET "/assets/DigiserveLogo5.png" for 127.0.0.1 at 2013-07-19 17:07:26 +0100
Served asset /DigiserveLogo5.png - 304 Not Modified (0ms)


Started GET "/listallfoods" for 127.0.0.1 at 2013-07-19 17:07:27 +0100
Processing by CategoriesController#listallfoods as HTML
  [1m[35mCategory Load (0.0ms)[0m  SELECT "categories".* FROM "categories" 
  Rendered categories/listallfoods.html.erb within layouts/application (0.0ms)
Completed 200 OK in 15ms (Views: 13.0ms | ActiveRecord: 0.0ms)


Started GET "/assets/application.css?body=1" for 127.0.0.1 at 2013-07-19 17:07:27 +0100
Served asset /application.css - 304 Not Modified (4ms)


Started GET "/assets/categories.css?body=1" for 127.0.0.1 at 2013-07-19 17:07:27 +0100
Served asset /categories.css - 304 Not Modified (0ms)


Started GET "/assets/foods.css?body=1" for 127.0.0.1 at 2013-07-19 17:07:27 +0100
Served asset /foods.css - 304 Not Modified (0ms)


Started GET "/assets/scaffolds.css?body=1" for 127.0.0.1 at 2013-07-19 17:07:27 +0100
Served asset /scaffolds.css - 304 Not Modified (1ms)


Started GET "/assets/jquery.js?body=1" for 127.0.0.1 at 2013-07-19 17:07:27 +0100
Served asset /jquery.js - 304 Not Modified (0ms)


Started GET "/assets/jquery_ujs.js?body=1" for 127.0.0.1 at 2013-07-19 17:07:28 +0100
Served asset /jquery_ujs.js - 304 Not Modified (0ms)


Started GET "/assets/categories.js?body=1" for 127.0.0.1 at 2013-07-19 17:07:28 +0100
Served asset /categories.js - 304 Not Modified (1ms)


Started GET "/assets/foods.js?body=1" for 127.0.0.1 at 2013-07-19 17:07:28 +0100
Served asset /foods.js - 304 Not Modified (0ms)


Started GET "/assets/application.js?body=1" for 127.0.0.1 at 2013-07-19 17:07:28 +0100
Served asset /application.js - 304 Not Modified (2ms)


Started GET "/assets/DigiserveLogo5.png" for 127.0.0.1 at 2013-07-19 17:07:28 +0100
Served asset /DigiserveLogo5.png - 304 Not Modified (0ms)


Started GET "/about" for 127.0.0.1 at 2013-07-19 17:07:29 +0100
Processing by CategoriesController#about as HTML
  Rendered categories/about.html.erb within layouts/application (0.0ms)
Completed 200 OK in 19ms (Views: 19.0ms | ActiveRecord: 0.0ms)


Started GET "/assets/DigiserveLogo5.png" for 127.0.0.1 at 2013-07-19 17:07:29 +0100
Served asset /DigiserveLogo5.png - 304 Not Modified (0ms)
